<?xml version="1.0" encoding="UTF-8"?>
<testng-results ignored="0" total="1" passed="1" failed="0" skipped="0">
  <reporter-output>
  </reporter-output>
  <suite started-at="2024-04-18T17:21:26 IST" name="Default suite" finished-at="2024-04-18T17:21:36 IST" duration-ms="10760">
    <groups>
    </groups>
    <test started-at="2024-04-18T17:21:26 IST" name="Default test" finished-at="2024-04-18T17:21:36 IST" duration-ms="10760">
      <class name="Rest_Assured.Post_method2">
        <test-method signature="test1()[pri:0, instance:Rest_Assured.Post_method2@3ee37e5a]" started-at="2024-04-18T17:21:26 IST" name="test1" finished-at="2024-04-18T17:21:36 IST" duration-ms="10639" status="PASS">
          <reporter-output>
          </reporter-output>
        </test-method> <!-- test1 -->
      </class> <!-- Rest_Assured.Post_method2 -->
    </test> <!-- Default test -->
  </suite> <!-- Default suite -->
</testng-results>
